657474.1415287419
636422.6037393452
630960.1485342319
628404.3649086255
626363.9277190479
624598.3893001328
623065.8360343657
621754.3707032239
620625.4872991171
619662.5411544088
618836.491726143
618133.6416861276
617532.4292628204
617021.9987892377
616586.3059885212
616216.9930005815
615902.2377117721
615635.7410538013
615408.855507342
615216.9149259996
615053.6256258172
614915.5671234633
614798.1784596846
614698.970493139
614614.6462070768
614543.4036717878
614482.8647396769
614431.7289064073
614388.2832105343
614351.5919374143
614320.4220620852
614294.1013246882
614271.7431711536
614252.8650657004
614236.8297140679
614223.2912912695
614211.7919240656
614202.0836661974
614193.8376648693
614186.8764354645
614180.9636667385
614175.9723233324
614171.7328313474
614168.1539524299
614165.1142059899
614162.5482953119
614160.3687682087
614158.5289585246
614156.9662827491
614155.6473173492
614154.5269042988
614153.5811699945
614152.7778617046
614152.0998642229
614151.5239420412
614151.0377356743
614150.6248536136
614150.2763065102
614149.9802441959
614149.7303674057
614149.5180050187
614149.3388544585
